<?xml version="1.0" encoding="UTF-8"?>
<testsuite xmlns:xsi="http://www.w3.org/2001/XMLSchema-instance" xsi:noNamespaceSchemaLocation="https://maven.apache.org/surefire/maven-surefire-plugin/xsd/surefire-test-report-3.0.xsd" version="3.0" name="testnumeros23.Numeros23Test" time="0.21" tests="4" errors="0" skipped="0" failures="0">
  <properties>
[...]
</properties>
  <testcase name="testMayor2" classname="testnumeros23.Numeros23Test" time="0.112">
    <system-out><![CDATA[mayor2(2, 3) = 3
mayor2(10, 5) = 10
mayor2(-1, -5) = -1
]]></system-out>
  </testcase>
  <testcase name="testMayor3" classname="testnumeros23.Numeros23Test" time="0.006">
    <system-out><![CDATA[mayor3(2, 3, 1) = 3
mayor3(9, 5, 7) = 9
mayor3(-2, 0, -5) = 0
]]></system-out>
  </testcase>
  <testcase name="testMenor2" classname="testnumeros23.Numeros23Test" time="0.003">
    <system-out><![CDATA[menor2(2, 3) = 2
menor2(10, 5) = 5
menor2(-1, 7) = -1
]]></system-out>
  </testcase>
  <testcase name="testMenor3" classname="testnumeros23.Numeros23Test" time="0.006">
    <system-out><![CDATA[menor3(2, 3, 1) = 1
menor3(9, 5, 7) = 5
menor3(-2, 0, -5) = -5
]]></system-out>
  </testcase>
</testsuite>